Using pre-set license
Built from '2021.3/staging' branch; Version is '2021.3.4f1 (cb45f9cae8b7) revision 13321721'; Using compiler version '192829333'; Build Type 'Release'
OS: 'Windows 10  (10.0.19044) 64bit Professional' Language: 'en' Physical Memory: 32619 MB
BatchMode: 1, IsHumanControllingUs: 0, StartBugReporterOnCrash: 0, Is64bit: 1, IsPro: 1

COMMAND LINE ARGUMENTS:
C:\Program Files\Unity\Hub\Editor\2021.3.4f1\Editor\Unity.exe
-adb2
-batchMode
-noUpm
-name
AssetImportWorker2
-projectPath
C:/Users/matei/Desktop/Year3SoloGameFolder/Year3SoloGame
-logFile
Logs/AssetImportWorker2.log
-srvPort
57343
Successfully changed project path to: C:/Users/matei/Desktop/Year3SoloGameFolder/Year3SoloGame
C:/Users/matei/Desktop/Year3SoloGameFolder/Year3SoloGame
[UnityMemory] Configuration Parameters - Can be set up in boot.config
    "memorysetup-bucket-allocator-granularity=16"
    "memorysetup-bucket-allocator-bucket-count=8"
    "memorysetup-bucket-allocator-block-size=33554432"
    "memorysetup-bucket-allocator-block-count=8"
    "memorysetup-main-allocator-block-size=16777216"
    "memorysetup-thread-allocator-block-size=16777216"
    "memorysetup-gfx-main-allocator-block-size=16777216"
    "memorysetup-gfx-thread-allocator-block-size=16777216"
    "memorysetup-cache-allocator-block-size=4194304"
    "memorysetup-typetree-allocator-block-size=2097152"
    "memorysetup-profiler-bucket-allocator-granularity=16"
    "memorysetup-profiler-bucket-allocator-bucket-count=8"
    "memorysetup-profiler-bucket-allocator-block-size=33554432"
    "memorysetup-profiler-bucket-allocator-block-count=8"
    "memorysetup-profiler-allocator-block-size=16777216"
    "memorysetup-profiler-editor-allocator-block-size=1048576"
    "memorysetup-temp-allocator-size-main=16777216"
    "memorysetup-job-temp-allocator-block-size=2097152"
    "memorysetup-job-temp-allocator-block-size-background=1048576"
    "memorysetup-job-temp-allocator-reduction-small-platforms=262144"
    "memorysetup-temp-allocator-size-background-worker=32768"
    "memorysetup-temp-allocator-size-job-worker=262144"
    "memorysetup-temp-allocator-size-preload-manager=33554432"
    "memorysetup-temp-allocator-size-nav-mesh-worker=65536"
    "memorysetup-temp-allocator-size-audio-worker=65536"
    "memorysetup-temp-allocator-size-cloud-worker=32768"
    "memorysetup-temp-allocator-size-gi-baking-worker=262144"
    "memorysetup-temp-allocator-size-gfx=262144"
Refreshing native plugins compatible for Editor in 237.06 ms, found 4 plugins.
Preloading 0 native plugins for Editor in 0.00 ms.
Initialize engine version: 2021.3.4f1 (cb45f9cae8b7)
[Subsystems] Discovering subsystems at path C:/Program Files/Unity/Hub/Editor/2021.3.4f1/Editor/Data/Resources/UnitySubsystems
[Subsystems] Discovering subsystems at path C:/Users/matei/Desktop/Year3SoloGameFolder/Year3SoloGame/Assets
GfxDevice: creating device client; threaded=0; jobified=0
Direct3D:
    Version:  Direct3D 11.0 [level 11.1]
    Renderer: NVIDIA GeForce GTX 1650 (ID=0x1f91)
    Vendor:   NVIDIA
    VRAM:     3962 MB
    Driver:   30.0.15.1278
Initialize mono
Mono path[0] = 'C:/Program Files/Unity/Hub/Editor/2021.3.4f1/Editor/Data/Managed'
Mono path[1] = 'C:/Program Files/Unity/Hub/Editor/2021.3.4f1/Editor/Data/MonoBleedingEdge/lib/mono/unityjit-win32'
Mono config path = 'C:/Program Files/Unity/Hub/Editor/2021.3.4f1/Editor/Data/MonoBleedingEdge/etc'
Using monoOptions --debugger-agent=transport=dt_socket,embedding=1,server=y,suspend=n,address=127.0.0.1:56036
Begin MonoManager ReloadAssembly
Registering precompiled unity dll's ...
Register platform support module: C:/Program Files/Unity/Hub/Editor/2021.3.4f1/Editor/Data/PlaybackEngines/AndroidPlayer/UnityEditor.Android.Extensions.dll
Register platform support module: C:/Program Files/Unity/Hub/Editor/2021.3.4f1/Editor/Data/PlaybackEngines/WindowsStandaloneSupport/UnityEditor.WindowsStandalone.Extensions.dll
Register platform support module: C:/Program Files/Unity/Hub/Editor/2021.3.4f1/Editor/Data/PlaybackEngines/MetroSupport/UnityEditor.UWP.Extensions.dll
Registered in 0.012344 seconds.
Native extension for UWP target not found
Native extension for WindowsStandalone target not found
Native extension for Android target not found
Refreshing native plugins compatible for Editor in 215.45 ms, found 4 plugins.
Preloading 0 native plugins for Editor in 0.00 ms.
Mono: successfully reloaded assembly
- Completed reload, in  0.881 seconds
Domain Reload Profiling:
	ReloadAssembly (882ms)
		BeginReloadAssembly (85ms)
			ExecutionOrderSort (0ms)
			DisableScriptedObjects (0ms)
			BackupInstance (0ms)
			ReleaseScriptingObjects (0ms)
			CreateAndSetChildDomain (1ms)
		EndReloadAssembly (642ms)
			LoadAssemblies (82ms)
			RebuildTransferFunctionScriptingTraits (0ms)
			SetupTypeCache (118ms)
			ReleaseScriptCaches (0ms)
			RebuildScriptCaches (26ms)
			SetupLoadedEditorAssemblies (433ms)
				LogAssemblyErrors (0ms)
				InitializePlatformSupportModulesInManaged (60ms)
				SetLoadedEditorAssemblies (0ms)
				RefreshPlugins (216ms)
				BeforeProcessingInitializeOnLoad (1ms)
				ProcessInitializeOnLoadAttributes (95ms)
				ProcessInitializeOnLoadMethodAttributes (61ms)
				AfterProcessingInitializeOnLoad (0ms)
				EditorAssembliesLoaded (0ms)
			ExecutionOrderSort2 (0ms)
			AwakeInstancesAfterBackupRestoration (0ms)
Platform modules already initialized, skipping
Registering precompiled user dll's ...
Registered in 0.012146 seconds.
Begin MonoManager ReloadAssembly
Symbol file LoadedFromMemory doesn't match image C:\Users\matei\Desktop\Year3SoloGameFolder\Year3SoloGame\Library\PackageCache\com.unity.visualscripting@1.7.8\Editor\VisualScripting.Core\Dependencies\YamlDotNet\Unity.VisualScripting.YamlDotNet.dll
Symbol file LoadedFromMemory doesn't match image C:\Users\matei\Desktop\Year3SoloGameFolder\Year3SoloGame\Library\PackageCache\com.unity.visualscripting@1.7.8\Editor\VisualScripting.Core\Dependencies\DotNetZip\Unity.VisualScripting.IonicZip.dll
Native extension for UWP target not found
Native extension for WindowsStandalone target not found
Native extension for Android target not found
Refreshing native plugins compatible for Editor in 243.24 ms, found 4 plugins.
Preloading 0 native plugins for Editor in 0.00 ms.
Mono: successfully reloaded assembly
- Completed reload, in  2.067 seconds
Domain Reload Profiling:
	ReloadAssembly (2068ms)
		BeginReloadAssembly (235ms)
			ExecutionOrderSort (0ms)
			DisableScriptedObjects (6ms)
			BackupInstance (0ms)
			ReleaseScriptingObjects (0ms)
			CreateAndSetChildDomain (122ms)
		EndReloadAssembly (1689ms)
			LoadAssemblies (118ms)
			RebuildTransferFunctionScriptingTraits (0ms)
			SetupTypeCache (361ms)
			ReleaseScriptCaches (1ms)
			RebuildScriptCaches (103ms)
			SetupLoadedEditorAssemblies (1043ms)
				LogAssemblyErrors (0ms)
				InitializePlatformSupportModulesInManaged (15ms)
				SetLoadedEditorAssemblies (0ms)
				RefreshPlugins (243ms)
				BeforeProcessingInitializeOnLoad (193ms)
				ProcessInitializeOnLoadAttributes (484ms)
				ProcessInitializeOnLoadMethodAttributes (95ms)
				AfterProcessingInitializeOnLoad (11ms)
				EditorAssembliesLoaded (0ms)
			ExecutionOrderSort2 (0ms)
			AwakeInstancesAfterBackupRestoration (11ms)
Platform modules already initialized, skipping
========================================================================
Worker process is ready to serve import requests
Launched and connected shader compiler UnityShaderCompiler.exe after 0.05 seconds
Refreshing native plugins compatible for Editor in 1.69 ms, found 4 plugins.
Preloading 0 native plugins for Editor in 0.00 ms.
Unloading 7221 Unused Serialized files (Serialized files now loaded: 0)
Unloading 172 unused Assets / (12.7 MB). Loaded Objects now: 7585.
Memory consumption went from 333.3 MB to 320.6 MB.
Total: 6.965700 ms (FindLiveObjects: 0.570900 ms CreateObjectMapping: 0.600400 ms MarkObjects: 3.629500 ms  DeleteObjects: 2.163200 ms)

AssetImportParameters requested are different than current active one (requested -> active):
  custom:video-decoder-ogg-theora: a1e56fd34408186e4bbccfd4996cb3dc -> 
  custom:container-muxer-webm: aa71ff27fc2769a1b78a27578f13a17b -> 
  custom:container-demuxer-webm: 4f35f7cbe854078d1ac9338744f61a02 -> 
  custom:video-encoder-webm-vp8: eb34c28f22e8b96e1ab97ce403110664 -> 
  custom:audio-encoder-webm-vorbis: bf7c407c2cedff20999df2af8eb42d56 -> 
  custom:framework-win-MediaFoundation: 216162199b28c13a410421893ffa2e32 -> 
  custom:container-demuxer-ogg: 62fdf1f143b41e24485cea50d1cbac27 -> 
  custom:video-decoder-webm-vp8: 9c59270c3fd7afecdb556c50c9e8de78 -> 
  custom:audio-decoder-ogg-vorbis: bf7c407c2cedff20999df2af8eb42d56 -> 
========================================================================
Received Import Request.
  Time since last request: 33932.769452 seconds.
  path: Assets/GUI Pro Kit Fantasy RPG/Prefabs/Play/Button_GiveUp.prefab
  artifactKey: Guid(8cbe4054ac5584e5a968c84dc515bd49) Importer(815301076,1909f56bfc062723c751e8b465ee728b)
Start importing Assets/GUI Pro Kit Fantasy RPG/Prefabs/Play/Button_GiveUp.prefab using Guid(8cbe4054ac5584e5a968c84dc515bd49) Importer(815301076,1909f56bfc062723c751e8b465ee728b)  -> (artifact id: '93a0ab213708f3f1525e27b0c20ad783') in 0.092131 seconds 
========================================================================
Received Import Request.
  Time since last request: 0.000024 seconds.
  path: Assets/GUI Pro Kit Fantasy RPG/Prefabs/Play/Button_LevelUp_Dim.prefab
  artifactKey: Guid(ca70422e0295245cdb32ab8a8d0f57b9) Importer(815301076,1909f56bfc062723c751e8b465ee728b)
Start importing Assets/GUI Pro Kit Fantasy RPG/Prefabs/Play/Button_LevelUp_Dim.prefab using Guid(ca70422e0295245cdb32ab8a8d0f57b9) Importer(815301076,1909f56bfc062723c751e8b465ee728b)  -> (artifact id: '6e2742e54aadcf7158afecd5e66242b3') in 0.031460 seconds 
========================================================================
Received Import Request.
  Time since last request: 0.000023 seconds.
  path: Assets/GUI Pro Kit Fantasy RPG/Prefabs/Play/Button_SpeedUp.prefab
  artifactKey: Guid(585abbac01ed64a098d39b43a204b641) Importer(815301076,1909f56bfc062723c751e8b465ee728b)
Start importing Assets/GUI Pro Kit Fantasy RPG/Prefabs/Play/Button_SpeedUp.prefab using Guid(585abbac01ed64a098d39b43a204b641) Importer(815301076,1909f56bfc062723c751e8b465ee728b)  -> (artifact id: 'b4022f1c27a78f34eed18a16c97e28ac') in 0.016800 seconds 
========================================================================
Received Import Request.
  Time since last request: 0.000018 seconds.
  path: Assets/GUI Pro Kit Fantasy RPG/Prefabs/Play/Button_LevelUp.prefab
  artifactKey: Guid(95a733a5d4042498a8bf31b0a5e2daee) Importer(815301076,1909f56bfc062723c751e8b465ee728b)
Start importing Assets/GUI Pro Kit Fantasy RPG/Prefabs/Play/Button_LevelUp.prefab using Guid(95a733a5d4042498a8bf31b0a5e2daee) Importer(815301076,1909f56bfc062723c751e8b465ee728b)  -> (artifact id: '0a5227c0e39f6d1a6a4efdf99958d180') in 0.031003 seconds 
========================================================================
Received Import Request.
  Time since last request: 0.000022 seconds.
  path: Assets/GUI Pro Kit Fantasy RPG/Prefabs/Play/Player_Joystick_L.prefab
  artifactKey: Guid(d3309ba16d8cf4598ada9c422221cfb2) Importer(815301076,1909f56bfc062723c751e8b465ee728b)
Start importing Assets/GUI Pro Kit Fantasy RPG/Prefabs/Play/Player_Joystick_L.prefab using Guid(d3309ba16d8cf4598ada9c422221cfb2) Importer(815301076,1909f56bfc062723c751e8b465ee728b)  -> (artifact id: 'f3e60d3348b3e1bddf47a1949c018732') in 0.012966 seconds 
========================================================================
Received Import Request.
  Time since last request: 0.000026 seconds.
  path: Assets/GUI Pro Kit Fantasy RPG/Prefabs/Play/Button_Play2.prefab
  artifactKey: Guid(c738f2a47011b4a5e8eee9d9ab197c2c) Importer(815301076,1909f56bfc062723c751e8b465ee728b)
Start importing Assets/GUI Pro Kit Fantasy RPG/Prefabs/Play/Button_Play2.prefab using Guid(c738f2a47011b4a5e8eee9d9ab197c2c) Importer(815301076,1909f56bfc062723c751e8b465ee728b)  -> (artifact id: '5eac4c07768b5fda4673ae39f1bb1635') in 0.053222 seconds 
========================================================================
Received Import Request.
  Time since last request: 0.000022 seconds.
  path: Assets/GUI Pro Kit Fantasy RPG/Prefabs/Play/Character 1.prefab
  artifactKey: Guid(4804d93a589ca478bbfcf06e7903e406) Importer(815301076,1909f56bfc062723c751e8b465ee728b)
Start importing Assets/GUI Pro Kit Fantasy RPG/Prefabs/Play/Character 1.prefab using Guid(4804d93a589ca478bbfcf06e7903e406) Importer(815301076,1909f56bfc062723c751e8b465ee728b)  -> (artifact id: 'd4e1ad0eb750386c8e5c525e50b95617') in 0.035663 seconds 
========================================================================
Received Import Request.
  Time since last request: 0.000022 seconds.
  path: Assets/GUI Pro Kit Fantasy RPG/Prefabs/Play/Player_Button_R.prefab
  artifactKey: Guid(900a044aa64c8438cad5bd37d5ccc3c5) Importer(815301076,1909f56bfc062723c751e8b465ee728b)
Start importing Assets/GUI Pro Kit Fantasy RPG/Prefabs/Play/Player_Button_R.prefab using Guid(900a044aa64c8438cad5bd37d5ccc3c5) Importer(815301076,1909f56bfc062723c751e8b465ee728b)  -> (artifact id: '757a5af9048d4d42ee65f8446320145f') in 0.037763 seconds 
========================================================================
Received Import Request.
  Time since last request: 0.000023 seconds.
  path: Assets/GUI Pro Kit Fantasy RPG/Prefabs/Play/StageInfo.prefab
  artifactKey: Guid(2eda81e2bd0d14b06b50d33cf5cbfea2) Importer(815301076,1909f56bfc062723c751e8b465ee728b)
Start importing Assets/GUI Pro Kit Fantasy RPG/Prefabs/Play/StageInfo.prefab using Guid(2eda81e2bd0d14b06b50d33cf5cbfea2) Importer(815301076,1909f56bfc062723c751e8b465ee728b)  -> (artifact id: 'a7df787577a910f6ad809bae181add58') in 0.043982 seconds 
========================================================================
Received Import Request.
  Time since last request: 0.000032 seconds.
  path: Assets/GUI Pro Kit Fantasy RPG/Prefabs/Play/Button_Joystick_Right.prefab
  artifactKey: Guid(a4d7c9a2dcf0448f9a3e4d661d51bf16) Importer(815301076,1909f56bfc062723c751e8b465ee728b)
Start importing Assets/GUI Pro Kit Fantasy RPG/Prefabs/Play/Button_Joystick_Right.prefab using Guid(a4d7c9a2dcf0448f9a3e4d661d51bf16) Importer(815301076,1909f56bfc062723c751e8b465ee728b)  -> (artifact id: 'db869ba1352356e9410e3c5b8f2cdfdc') in 0.027198 seconds 
========================================================================
Received Import Request.
  Time since last request: 0.000040 seconds.
  path: Assets/GUI Pro Kit Fantasy RPG/Prefabs/Play/SubMenu.prefab
  artifactKey: Guid(2bebd369674c64a6bb18adf401e01c5a) Importer(815301076,1909f56bfc062723c751e8b465ee728b)
Start importing Assets/GUI Pro Kit Fantasy RPG/Prefabs/Play/SubMenu.prefab using Guid(2bebd369674c64a6bb18adf401e01c5a) Importer(815301076,1909f56bfc062723c751e8b465ee728b)  -> (artifact id: '0c0963803c1452feb23a92ba996a26cb') in 0.014468 seconds 
========================================================================
Received Import Request.
  Time since last request: 0.000024 seconds.
  path: Assets/GUI Pro Kit Fantasy RPG/Prefabs/Play/PlayStageTitle.prefab
  artifactKey: Guid(5d0bafa3f058c4e7598f806eea3ea07c) Importer(815301076,1909f56bfc062723c751e8b465ee728b)
Start importing Assets/GUI Pro Kit Fantasy RPG/Prefabs/Play/PlayStageTitle.prefab using Guid(5d0bafa3f058c4e7598f806eea3ea07c) Importer(815301076,1909f56bfc062723c751e8b465ee728b)  -> (artifact id: '3497f2734308e57586c9a372918771c4') in 0.029248 seconds 
========================================================================
Received Prepare
Registering precompiled user dll's ...
Registered in 0.010302 seconds.
Begin MonoManager ReloadAssembly
Symbol file LoadedFromMemory doesn't match image C:\Users\matei\Desktop\Year3SoloGameFolder\Year3SoloGame\Library\PackageCache\com.unity.visualscripting@1.7.8\Editor\VisualScripting.Core\Dependencies\YamlDotNet\Unity.VisualScripting.YamlDotNet.dll
Symbol file LoadedFromMemory doesn't match image C:\Users\matei\Desktop\Year3SoloGameFolder\Year3SoloGame\Library\PackageCache\com.unity.visualscripting@1.7.8\Editor\VisualScripting.Core\Dependencies\DotNetZip\Unity.VisualScripting.IonicZip.dll
Native extension for UWP target not found
Native extension for WindowsStandalone target not found
Native extension for Android target not found
Refreshing native plugins compatible for Editor in 2.24 ms, found 4 plugins.
Preloading 0 native plugins for Editor in 0.00 ms.
Mono: successfully reloaded assembly
- Completed reload, in  1.826 seconds
Domain Reload Profiling:
	ReloadAssembly (1827ms)
		BeginReloadAssembly (163ms)
			ExecutionOrderSort (0ms)
			DisableScriptedObjects (7ms)
			BackupInstance (0ms)
			ReleaseScriptingObjects (0ms)
			CreateAndSetChildDomain (57ms)
		EndReloadAssembly (1530ms)
			LoadAssemblies (120ms)
			RebuildTransferFunctionScriptingTraits (0ms)
			SetupTypeCache (428ms)
			ReleaseScriptCaches (3ms)
			RebuildScriptCaches (104ms)
			SetupLoadedEditorAssemblies (760ms)
				LogAssemblyErrors (0ms)
				InitializePlatformSupportModulesInManaged (30ms)
				SetLoadedEditorAssemblies (1ms)
				RefreshPlugins (2ms)
				BeforeProcessingInitializeOnLoad (161ms)
				ProcessInitializeOnLoadAttributes (492ms)
				ProcessInitializeOnLoadMethodAttributes (57ms)
				AfterProcessingInitializeOnLoad (15ms)
				EditorAssembliesLoaded (0ms)
			ExecutionOrderSort2 (0ms)
			AwakeInstancesAfterBackupRestoration (28ms)
Platform modules already initialized, skipping
Refreshing native plugins compatible for Editor in 4.63 ms, found 4 plugins.
Preloading 0 native plugins for Editor in 0.00 ms.
Unloading 6935 Unused Serialized files (Serialized files now loaded: 0)
Unloading 149 unused Assets / (12.7 MB). Loaded Objects now: 7588.
Memory consumption went from 316.2 MB to 303.5 MB.
Total: 6.300400 ms (FindLiveObjects: 0.469200 ms CreateObjectMapping: 0.468900 ms MarkObjects: 3.099500 ms  DeleteObjects: 2.262000 ms)

AssetImportParameters requested are different than current active one (requested -> active):
  custom:video-decoder-ogg-theora: a1e56fd34408186e4bbccfd4996cb3dc -> 
  custom:container-muxer-webm: aa71ff27fc2769a1b78a27578f13a17b -> 
  custom:container-demuxer-webm: 4f35f7cbe854078d1ac9338744f61a02 -> 
  custom:video-encoder-webm-vp8: eb34c28f22e8b96e1ab97ce403110664 -> 
  custom:audio-encoder-webm-vorbis: bf7c407c2cedff20999df2af8eb42d56 -> 
  custom:framework-win-MediaFoundation: 216162199b28c13a410421893ffa2e32 -> 
  custom:container-demuxer-ogg: 62fdf1f143b41e24485cea50d1cbac27 -> 
  custom:video-decoder-webm-vp8: 9c59270c3fd7afecdb556c50c9e8de78 -> 
  custom:audio-decoder-ogg-vorbis: bf7c407c2cedff20999df2af8eb42d56 -> 
========================================================================
Received Prepare
Registering precompiled user dll's ...
Registered in 0.011094 seconds.
Begin MonoManager ReloadAssembly
Symbol file LoadedFromMemory doesn't match image C:\Users\matei\Desktop\Year3SoloGameFolder\Year3SoloGame\Library\PackageCache\com.unity.visualscripting@1.7.8\Editor\VisualScripting.Core\Dependencies\YamlDotNet\Unity.VisualScripting.YamlDotNet.dll
Symbol file LoadedFromMemory doesn't match image C:\Users\matei\Desktop\Year3SoloGameFolder\Year3SoloGame\Library\PackageCache\com.unity.visualscripting@1.7.8\Editor\VisualScripting.Core\Dependencies\DotNetZip\Unity.VisualScripting.IonicZip.dll
Native extension for UWP target not found
Native extension for WindowsStandalone target not found
Native extension for Android target not found
Refreshing native plugins compatible for Editor in 1.59 ms, found 4 plugins.
Preloading 0 native plugins for Editor in 0.00 ms.
Mono: successfully reloaded assembly
- Completed reload, in  1.484 seconds
Domain Reload Profiling:
	ReloadAssembly (1485ms)
		BeginReloadAssembly (155ms)
			ExecutionOrderSort (0ms)
			DisableScriptedObjects (8ms)
			BackupInstance (0ms)
			ReleaseScriptingObjects (0ms)
			CreateAndSetChildDomain (53ms)
		EndReloadAssembly (1225ms)
			LoadAssemblies (110ms)
			RebuildTransferFunctionScriptingTraits (0ms)
			SetupTypeCache (320ms)
			ReleaseScriptCaches (2ms)
			RebuildScriptCaches (76ms)
			SetupLoadedEditorAssemblies (625ms)
				LogAssemblyErrors (0ms)
				InitializePlatformSupportModulesInManaged (25ms)
				SetLoadedEditorAssemblies (0ms)
				RefreshPlugins (2ms)
				BeforeProcessingInitializeOnLoad (138ms)
				ProcessInitializeOnLoadAttributes (405ms)
				ProcessInitializeOnLoadMethodAttributes (42ms)
				AfterProcessingInitializeOnLoad (12ms)
				EditorAssembliesLoaded (0ms)
			ExecutionOrderSort2 (0ms)
			AwakeInstancesAfterBackupRestoration (23ms)
Platform modules already initialized, skipping
