Using pre-set license
Built from '2021.3/staging' branch; Version is '2021.3.4f1 (cb45f9cae8b7) revision 13321721'; Using compiler version '192829333'; Build Type 'Release'
OS: 'Windows 10  (10.0.19044) 64bit Professional' Language: 'en' Physical Memory: 32619 MB
BatchMode: 1, IsHumanControllingUs: 0, StartBugReporterOnCrash: 0, Is64bit: 1, IsPro: 1

COMMAND LINE ARGUMENTS:
C:\Program Files\Unity\Hub\Editor\2021.3.4f1\Editor\Unity.exe
-adb2
-batchMode
-noUpm
-name
AssetImportWorker1
-projectPath
C:/Users/matei/Desktop/Year3SoloGameFolder/Year3SoloGame
-logFile
Logs/AssetImportWorker1.log
-srvPort
57343
Successfully changed project path to: C:/Users/matei/Desktop/Year3SoloGameFolder/Year3SoloGame
C:/Users/matei/Desktop/Year3SoloGameFolder/Year3SoloGame
[UnityMemory] Configuration Parameters - Can be set up in boot.config
    "memorysetup-bucket-allocator-granularity=16"
    "memorysetup-bucket-allocator-bucket-count=8"
    "memorysetup-bucket-allocator-block-size=33554432"
    "memorysetup-bucket-allocator-block-count=8"
    "memorysetup-main-allocator-block-size=16777216"
    "memorysetup-thread-allocator-block-size=16777216"
    "memorysetup-gfx-main-allocator-block-size=16777216"
    "memorysetup-gfx-thread-allocator-block-size=16777216"
    "memorysetup-cache-allocator-block-size=4194304"
    "memorysetup-typetree-allocator-block-size=2097152"
    "memorysetup-profiler-bucket-allocator-granularity=16"
    "memorysetup-profiler-bucket-allocator-bucket-count=8"
    "memorysetup-profiler-bucket-allocator-block-size=33554432"
    "memorysetup-profiler-bucket-allocator-block-count=8"
    "memorysetup-profiler-allocator-block-size=16777216"
    "memorysetup-profiler-editor-allocator-block-size=1048576"
    "memorysetup-temp-allocator-size-main=16777216"
    "memorysetup-job-temp-allocator-block-size=2097152"
    "memorysetup-job-temp-allocator-block-size-background=1048576"
    "memorysetup-job-temp-allocator-reduction-small-platforms=262144"
    "memorysetup-temp-allocator-size-background-worker=32768"
    "memorysetup-temp-allocator-size-job-worker=262144"
    "memorysetup-temp-allocator-size-preload-manager=33554432"
    "memorysetup-temp-allocator-size-nav-mesh-worker=65536"
    "memorysetup-temp-allocator-size-audio-worker=65536"
    "memorysetup-temp-allocator-size-cloud-worker=32768"
    "memorysetup-temp-allocator-size-gi-baking-worker=262144"
    "memorysetup-temp-allocator-size-gfx=262144"
Refreshing native plugins compatible for Editor in 237.27 ms, found 4 plugins.
Preloading 0 native plugins for Editor in 0.00 ms.
Initialize engine version: 2021.3.4f1 (cb45f9cae8b7)
[Subsystems] Discovering subsystems at path C:/Program Files/Unity/Hub/Editor/2021.3.4f1/Editor/Data/Resources/UnitySubsystems
[Subsystems] Discovering subsystems at path C:/Users/matei/Desktop/Year3SoloGameFolder/Year3SoloGame/Assets
GfxDevice: creating device client; threaded=0; jobified=0
Direct3D:
    Version:  Direct3D 11.0 [level 11.1]
    Renderer: NVIDIA GeForce GTX 1650 (ID=0x1f91)
    Vendor:   NVIDIA
    VRAM:     3962 MB
    Driver:   30.0.15.1278
Initialize mono
Mono path[0] = 'C:/Program Files/Unity/Hub/Editor/2021.3.4f1/Editor/Data/Managed'
Mono path[1] = 'C:/Program Files/Unity/Hub/Editor/2021.3.4f1/Editor/Data/MonoBleedingEdge/lib/mono/unityjit-win32'
Mono config path = 'C:/Program Files/Unity/Hub/Editor/2021.3.4f1/Editor/Data/MonoBleedingEdge/etc'
Using monoOptions --debugger-agent=transport=dt_socket,embedding=1,server=y,suspend=n,address=127.0.0.1:56668
Begin MonoManager ReloadAssembly
Registering precompiled unity dll's ...
Register platform support module: C:/Program Files/Unity/Hub/Editor/2021.3.4f1/Editor/Data/PlaybackEngines/AndroidPlayer/UnityEditor.Android.Extensions.dll
Register platform support module: C:/Program Files/Unity/Hub/Editor/2021.3.4f1/Editor/Data/PlaybackEngines/WindowsStandaloneSupport/UnityEditor.WindowsStandalone.Extensions.dll
Register platform support module: C:/Program Files/Unity/Hub/Editor/2021.3.4f1/Editor/Data/PlaybackEngines/MetroSupport/UnityEditor.UWP.Extensions.dll
Registered in 0.013492 seconds.
Native extension for UWP target not found
Native extension for WindowsStandalone target not found
Native extension for Android target not found
Refreshing native plugins compatible for Editor in 219.83 ms, found 4 plugins.
Preloading 0 native plugins for Editor in 0.00 ms.
Mono: successfully reloaded assembly
- Completed reload, in  0.883 seconds
Domain Reload Profiling:
	ReloadAssembly (884ms)
		BeginReloadAssembly (80ms)
			ExecutionOrderSort (0ms)
			DisableScriptedObjects (0ms)
			BackupInstance (0ms)
			ReleaseScriptingObjects (0ms)
			CreateAndSetChildDomain (1ms)
		EndReloadAssembly (651ms)
			LoadAssemblies (77ms)
			RebuildTransferFunctionScriptingTraits (0ms)
			SetupTypeCache (119ms)
			ReleaseScriptCaches (0ms)
			RebuildScriptCaches (31ms)
			SetupLoadedEditorAssemblies (440ms)
				LogAssemblyErrors (0ms)
				InitializePlatformSupportModulesInManaged (59ms)
				SetLoadedEditorAssemblies (0ms)
				RefreshPlugins (220ms)
				BeforeProcessingInitializeOnLoad (2ms)
				ProcessInitializeOnLoadAttributes (105ms)
				ProcessInitializeOnLoadMethodAttributes (54ms)
				AfterProcessingInitializeOnLoad (0ms)
				EditorAssembliesLoaded (0ms)
			ExecutionOrderSort2 (0ms)
			AwakeInstancesAfterBackupRestoration (0ms)
Platform modules already initialized, skipping
Registering precompiled user dll's ...
Registered in 0.018071 seconds.
Begin MonoManager ReloadAssembly
Symbol file LoadedFromMemory doesn't match image C:\Users\matei\Desktop\Year3SoloGameFolder\Year3SoloGame\Library\PackageCache\com.unity.visualscripting@1.7.8\Editor\VisualScripting.Core\Dependencies\YamlDotNet\Unity.VisualScripting.YamlDotNet.dll
Symbol file LoadedFromMemory doesn't match image C:\Users\matei\Desktop\Year3SoloGameFolder\Year3SoloGame\Library\PackageCache\com.unity.visualscripting@1.7.8\Editor\VisualScripting.Core\Dependencies\DotNetZip\Unity.VisualScripting.IonicZip.dll
Native extension for UWP target not found
Native extension for WindowsStandalone target not found
Native extension for Android target not found
Refreshing native plugins compatible for Editor in 255.18 ms, found 4 plugins.
Preloading 0 native plugins for Editor in 0.00 ms.
Mono: successfully reloaded assembly
- Completed reload, in  2.110 seconds
Domain Reload Profiling:
	ReloadAssembly (2111ms)
		BeginReloadAssembly (245ms)
			ExecutionOrderSort (0ms)
			DisableScriptedObjects (6ms)
			BackupInstance (0ms)
			ReleaseScriptingObjects (0ms)
			CreateAndSetChildDomain (135ms)
		EndReloadAssembly (1725ms)
			LoadAssemblies (116ms)
			RebuildTransferFunctionScriptingTraits (0ms)
			SetupTypeCache (361ms)
			ReleaseScriptCaches (1ms)
			RebuildScriptCaches (107ms)
			SetupLoadedEditorAssemblies (1081ms)
				LogAssemblyErrors (0ms)
				InitializePlatformSupportModulesInManaged (15ms)
				SetLoadedEditorAssemblies (0ms)
				RefreshPlugins (255ms)
				BeforeProcessingInitializeOnLoad (189ms)
				ProcessInitializeOnLoadAttributes (517ms)
				ProcessInitializeOnLoadMethodAttributes (92ms)
				AfterProcessingInitializeOnLoad (11ms)
				EditorAssembliesLoaded (0ms)
			ExecutionOrderSort2 (0ms)
			AwakeInstancesAfterBackupRestoration (12ms)
Platform modules already initialized, skipping
========================================================================
Worker process is ready to serve import requests
Launched and connected shader compiler UnityShaderCompiler.exe after 0.05 seconds
Refreshing native plugins compatible for Editor in 1.67 ms, found 4 plugins.
Preloading 0 native plugins for Editor in 0.00 ms.
Unloading 7221 Unused Serialized files (Serialized files now loaded: 0)
Unloading 172 unused Assets / (12.7 MB). Loaded Objects now: 7585.
Memory consumption went from 333.3 MB to 320.6 MB.
Total: 5.998600 ms (FindLiveObjects: 0.523700 ms CreateObjectMapping: 0.613600 ms MarkObjects: 2.864100 ms  DeleteObjects: 1.996100 ms)

AssetImportParameters requested are different than current active one (requested -> active):
  custom:video-decoder-ogg-theora: a1e56fd34408186e4bbccfd4996cb3dc -> 
  custom:container-muxer-webm: aa71ff27fc2769a1b78a27578f13a17b -> 
  custom:container-demuxer-webm: 4f35f7cbe854078d1ac9338744f61a02 -> 
  custom:video-encoder-webm-vp8: eb34c28f22e8b96e1ab97ce403110664 -> 
  custom:audio-encoder-webm-vorbis: bf7c407c2cedff20999df2af8eb42d56 -> 
  custom:framework-win-MediaFoundation: 216162199b28c13a410421893ffa2e32 -> 
  custom:container-demuxer-ogg: 62fdf1f143b41e24485cea50d1cbac27 -> 
  custom:video-decoder-webm-vp8: 9c59270c3fd7afecdb556c50c9e8de78 -> 
  custom:audio-decoder-ogg-vorbis: bf7c407c2cedff20999df2af8eb42d56 -> 
========================================================================
Received Import Request.
  Time since last request: 33932.866648 seconds.
  path: Assets/GUI Pro Kit Fantasy RPG/Prefabs/Play/Button_Joystick_Left.prefab
  artifactKey: Guid(74f08d15731ff43e5882441e3af7c317) Importer(815301076,1909f56bfc062723c751e8b465ee728b)
Start importing Assets/GUI Pro Kit Fantasy RPG/Prefabs/Play/Button_Joystick_Left.prefab using Guid(74f08d15731ff43e5882441e3af7c317) Importer(815301076,1909f56bfc062723c751e8b465ee728b)  -> (artifact id: 'bc45b0c55073ad45fb0f767c805418e1') in 0.106695 seconds 
========================================================================
Received Import Request.
  Time since last request: 0.000023 seconds.
  path: Assets/GUI Pro Kit Fantasy RPG/Prefabs/Play/Button_Settings.prefab
  artifactKey: Guid(514a32f3971c142edb8b3243a2b5d08a) Importer(815301076,1909f56bfc062723c751e8b465ee728b)
Start importing Assets/GUI Pro Kit Fantasy RPG/Prefabs/Play/Button_Settings.prefab using Guid(514a32f3971c142edb8b3243a2b5d08a) Importer(815301076,1909f56bfc062723c751e8b465ee728b)  -> (artifact id: 'f862341bae2a69d737e2a8a8fb2e4eae') in 0.041423 seconds 
========================================================================
Received Import Request.
  Time since last request: 0.000021 seconds.
  path: Assets/GUI Pro Kit Fantasy RPG/Prefabs/Play/HomeMenuInventory.prefab
  artifactKey: Guid(24108112b95ec4485a6328ca6b838112) Importer(815301076,1909f56bfc062723c751e8b465ee728b)
Start importing Assets/GUI Pro Kit Fantasy RPG/Prefabs/Play/HomeMenuInventory.prefab using Guid(24108112b95ec4485a6328ca6b838112) Importer(815301076,1909f56bfc062723c751e8b465ee728b)  -> (artifact id: 'a6a442cecaeaee459b21819737b967b5') in 0.091216 seconds 
========================================================================
Received Import Request.
  Time since last request: 0.000024 seconds.
  path: Assets/GUI Pro Kit Fantasy RPG/Prefabs/Play/Button_Restart.prefab
  artifactKey: Guid(4805ff2650aa543a393c233a89a6b858) Importer(815301076,1909f56bfc062723c751e8b465ee728b)
Start importing Assets/GUI Pro Kit Fantasy RPG/Prefabs/Play/Button_Restart.prefab using Guid(4805ff2650aa543a393c233a89a6b858) Importer(815301076,1909f56bfc062723c751e8b465ee728b)  -> (artifact id: '872c324e63ef8ab940b0b3c3209e2e57') in 0.024240 seconds 
========================================================================
Received Import Request.
  Time since last request: 0.000030 seconds.
  path: Assets/GUI Pro Kit Fantasy RPG/Prefabs/Play/Button_Play0.prefab
  artifactKey: Guid(a0e15750cf4af4a03aa0bd6a06fb1948) Importer(815301076,1909f56bfc062723c751e8b465ee728b)
Start importing Assets/GUI Pro Kit Fantasy RPG/Prefabs/Play/Button_Play0.prefab using Guid(a0e15750cf4af4a03aa0bd6a06fb1948) Importer(815301076,1909f56bfc062723c751e8b465ee728b)  -> (artifact id: 'fe292da375dd6722ffa05afb4de3e973') in 0.012320 seconds 
========================================================================
Received Import Request.
  Time since last request: 0.000020 seconds.
  path: Assets/GUI Pro Kit Fantasy RPG/Prefabs/Play/BoosterEXP.prefab
  artifactKey: Guid(9ddce9cd5404d4e88b995bc1f8e447e5) Importer(815301076,1909f56bfc062723c751e8b465ee728b)
Start importing Assets/GUI Pro Kit Fantasy RPG/Prefabs/Play/BoosterEXP.prefab using Guid(9ddce9cd5404d4e88b995bc1f8e447e5) Importer(815301076,1909f56bfc062723c751e8b465ee728b)  -> (artifact id: 'a8832f22557b0e24697fb7a9a1795b54') in 0.026672 seconds 
========================================================================
Received Import Request.
  Time since last request: 0.000025 seconds.
  path: Assets/GUI Pro Kit Fantasy RPG/Prefabs/Play/Character 2.prefab
  artifactKey: Guid(ecafce3d6ee3f439aa8122e11169996c) Importer(815301076,1909f56bfc062723c751e8b465ee728b)
Start importing Assets/GUI Pro Kit Fantasy RPG/Prefabs/Play/Character 2.prefab using Guid(ecafce3d6ee3f439aa8122e11169996c) Importer(815301076,1909f56bfc062723c751e8b465ee728b)  -> (artifact id: '2d1ef0127d26b43fa396db04c55880c9') in 0.040061 seconds 
========================================================================
Received Import Request.
  Time since last request: 0.000028 seconds.
  path: Assets/GUI Pro Kit Fantasy RPG/Prefabs/Play
  artifactKey: Guid(904768d5aaff44466bed209deb333c95) Importer(815301076,1909f56bfc062723c751e8b465ee728b)
Start importing Assets/GUI Pro Kit Fantasy RPG/Prefabs/Play using Guid(904768d5aaff44466bed209deb333c95) Importer(815301076,1909f56bfc062723c751e8b465ee728b)  -> (artifact id: '5b3ad980945cb57ccd83ae313aa965fc') in 0.006633 seconds 
Editor requested this worker to shutdown with reason: Scaling down because of idle timeout
AssetImportWorker is now disconnected from the server
Process exiting
Exiting without the bug reporter. Application will terminate with return code 0